<?xml version="1.0" encoding="UTF-8"?>
<coverage generated="1649127775175" clover="3.2.0">
  <project timestamp="1649127775175" name="All files">
    <metrics statements="47" coveredstatements="35" conditionals="104" coveredconditionals="35" methods="21" coveredmethods="10" elements="172" coveredelements="80" complexity="0" loc="47" ncloc="47" packages="14" files="18" classes="18"/>
    <package name="base">
      <metrics statements="0" coveredstatements="0" conditionals="0" coveredconditionals="0" methods="0" coveredmethods="0"/>
      <file name="index.ts" path="/home/fancykat/Documents/project/Notes/django-react-typescript-boiler/frontend/base/index.ts">
        <metrics statements="0" coveredstatements="0" conditionals="0" coveredconditionals="0" methods="0" coveredmethods="0"/>
      </file>
    </package>
    <package name="base.Box">
      <metrics statements="1" coveredstatements="1" conditionals="0" coveredconditionals="0" methods="0" coveredmethods="0"/>
      <file name="index.ts" path="/home/fancykat/Documents/project/Notes/django-react-typescript-boiler/frontend/base/Box/index.ts">
        <metrics statements="1" coveredstatements="1" conditionals="0" coveredconditionals="0" methods="0" coveredmethods="0"/>
        <line num="4" count="1" type="stmt"/>
      </file>
    </package>
    <package name="base.Fade">
      <metrics statements="4" coveredstatements="2" conditionals="0" coveredconditionals="0" methods="2" coveredmethods="0"/>
      <file name="index.ts" path="/home/fancykat/Documents/project/Notes/django-react-typescript-boiler/frontend/base/Fade/index.ts">
        <metrics statements="4" coveredstatements="2" conditionals="0" coveredconditionals="0" methods="2" coveredmethods="0"/>
        <line num="3" count="1" type="stmt"/>
        <line num="11" count="0" type="stmt"/>
        <line num="17" count="1" type="stmt"/>
        <line num="25" count="0" type="stmt"/>
      </file>
    </package>
    <package name="base.Flex">
      <metrics statements="5" coveredstatements="3" conditionals="4" coveredconditionals="0" methods="2" coveredmethods="0"/>
      <file name="index.ts" path="/home/fancykat/Documents/project/Notes/django-react-typescript-boiler/frontend/base/Flex/index.ts">
        <metrics statements="5" coveredstatements="3" conditionals="4" coveredconditionals="0" methods="2" coveredmethods="0"/>
        <line num="3" count="1" type="stmt"/>
        <line num="7" count="1" type="stmt"/>
        <line num="9" count="0" type="cond" truecount="0" falsecount="2"/>
        <line num="12" count="1" type="stmt"/>
        <line num="14" count="0" type="cond" truecount="0" falsecount="2"/>
      </file>
    </package>
    <package name="base.Image">
      <metrics statements="2" coveredstatements="1" conditionals="2" coveredconditionals="0" methods="1" coveredmethods="0"/>
      <file name="index.ts" path="/home/fancykat/Documents/project/Notes/django-react-typescript-boiler/frontend/base/Image/index.ts">
        <metrics statements="2" coveredstatements="1" conditionals="2" coveredconditionals="0" methods="1" coveredmethods="0"/>
        <line num="3" count="1" type="stmt"/>
        <line num="5" count="0" type="cond" truecount="0" falsecount="2"/>
      </file>
    </package>
    <package name="base.Separator">
      <metrics statements="2" coveredstatements="1" conditionals="10" coveredconditionals="0" methods="1" coveredmethods="0"/>
      <file name="index.ts" path="/home/fancykat/Documents/project/Notes/django-react-typescript-boiler/frontend/base/Separator/index.ts">
        <metrics statements="2" coveredstatements="1" conditionals="10" coveredconditionals="0" methods="1" coveredmethods="0"/>
        <line num="12" count="1" type="stmt"/>
        <line num="22" count="0" type="stmt"/>
      </file>
    </package>
    <package name="components.Button">
      <metrics statements="8" coveredstatements="6" conditionals="54" coveredconditionals="23" methods="4" coveredmethods="2"/>
      <file name="index.tsx" path="/home/fancykat/Documents/project/Notes/django-react-typescript-boiler/frontend/components/Button/index.tsx">
        <metrics statements="5" coveredstatements="3" conditionals="16" coveredconditionals="9" methods="3" coveredmethods="1"/>
        <line num="18" count="1" type="stmt"/>
        <line num="28" count="3" type="stmt"/>
        <line num="30" count="3" type="stmt"/>
        <line num="33" count="0" type="stmt"/>
        <line num="34" count="0" type="stmt"/>
      </file>
      <file name="style.ts" path="/home/fancykat/Documents/project/Notes/django-react-typescript-boiler/frontend/components/Button/style.ts">
        <metrics statements="3" coveredstatements="3" conditionals="38" coveredconditionals="14" methods="1" coveredmethods="1"/>
        <line num="11" count="1" type="stmt"/>
        <line num="18" count="1" type="stmt"/>
        <line num="34" count="3" type="stmt"/>
      </file>
    </package>
    <package name="components.Card">
      <metrics statements="5" coveredstatements="5" conditionals="8" coveredconditionals="4" methods="2" coveredmethods="2"/>
      <file name="index.tsx" path="/home/fancykat/Documents/project/Notes/django-react-typescript-boiler/frontend/components/Card/index.tsx">
        <metrics statements="2" coveredstatements="2" conditionals="0" coveredconditionals="0" methods="1" coveredmethods="1"/>
        <line num="10" count="1" type="stmt"/>
        <line num="15" count="2" type="stmt"/>
      </file>
      <file name="style.ts" path="/home/fancykat/Documents/project/Notes/django-react-typescript-boiler/frontend/components/Card/style.ts">
        <metrics statements="3" coveredstatements="3" conditionals="8" coveredconditionals="4" methods="1" coveredmethods="1"/>
        <line num="10" count="1" type="stmt"/>
        <line num="12" count="1" type="stmt"/>
        <line num="15" count="2" type="stmt"/>
      </file>
    </package>
    <package name="components.Layout">
      <metrics statements="6" coveredstatements="6" conditionals="6" coveredconditionals="2" methods="3" coveredmethods="3"/>
      <file name="index.tsx" path="/home/fancykat/Documents/project/Notes/django-react-typescript-boiler/frontend/components/Layout/index.tsx">
        <metrics statements="2" coveredstatements="2" conditionals="0" coveredconditionals="0" methods="1" coveredmethods="1"/>
        <line num="11" count="1" type="stmt"/>
        <line num="12" count="1" type="stmt"/>
      </file>
      <file name="style.ts" path="/home/fancykat/Documents/project/Notes/django-react-typescript-boiler/frontend/components/Layout/style.ts">
        <metrics statements="4" coveredstatements="4" conditionals="6" coveredconditionals="2" methods="2" coveredmethods="2"/>
        <line num="3" count="1" type="stmt"/>
        <line num="8" count="1" type="cond" truecount="1" falsecount="1"/>
        <line num="15" count="1" type="cond" truecount="1" falsecount="1"/>
        <line num="18" count="1" type="stmt"/>
      </file>
    </package>
    <package name="components.Loading">
      <metrics statements="3" coveredstatements="1" conditionals="8" coveredconditionals="0" methods="1" coveredmethods="0"/>
      <file name="index.tsx" path="/home/fancykat/Documents/project/Notes/django-react-typescript-boiler/frontend/components/Loading/index.tsx">
        <metrics statements="3" coveredstatements="1" conditionals="8" coveredconditionals="0" methods="1" coveredmethods="0"/>
        <line num="13" count="1" type="stmt"/>
        <line num="19" count="0" type="stmt"/>
        <line num="25" count="0" type="stmt"/>
      </file>
    </package>
    <package name="typography">
      <metrics statements="0" coveredstatements="0" conditionals="0" coveredconditionals="0" methods="0" coveredmethods="0"/>
      <file name="index.ts" path="/home/fancykat/Documents/project/Notes/django-react-typescript-boiler/frontend/typography/index.ts">
        <metrics statements="0" coveredstatements="0" conditionals="0" coveredconditionals="0" methods="0" coveredmethods="0"/>
      </file>
    </package>
    <package name="typography.H4">
      <metrics statements="3" coveredstatements="1" conditionals="0" coveredconditionals="0" methods="2" coveredmethods="0"/>
      <file name="index.ts" path="/home/fancykat/Documents/project/Notes/django-react-typescript-boiler/frontend/typography/H4/index.ts">
        <metrics statements="3" coveredstatements="1" conditionals="0" coveredconditionals="0" methods="2" coveredmethods="0"/>
        <line num="3" count="1" type="stmt"/>
        <line num="8" count="0" type="stmt"/>
        <line num="12" count="0" type="stmt"/>
      </file>
    </package>
    <package name="typography.Text">
      <metrics statements="2" coveredstatements="2" conditionals="12" coveredconditionals="6" methods="1" coveredmethods="1"/>
      <file name="index.ts" path="/home/fancykat/Documents/project/Notes/django-react-typescript-boiler/frontend/typography/Text/index.ts">
        <metrics statements="2" coveredstatements="2" conditionals="12" coveredconditionals="6" methods="1" coveredmethods="1"/>
        <line num="12" count="1" type="stmt"/>
        <line num="13" count="3" type="stmt"/>
      </file>
    </package>
    <package name="utils">
      <metrics statements="6" coveredstatements="6" conditionals="0" coveredconditionals="0" methods="2" coveredmethods="2"/>
      <file name="render.tsx" path="/home/fancykat/Documents/project/Notes/django-react-typescript-boiler/frontend/utils/render.tsx">
        <metrics statements="4" coveredstatements="4" conditionals="0" coveredconditionals="0" methods="2" coveredmethods="2"/>
        <line num="6" count="3" type="stmt"/>
        <line num="7" count="6" type="stmt"/>
        <line num="10" count="3" type="stmt"/>
        <line num="11" count="6" type="stmt"/>
      </file>
      <file name="theme.ts" path="/home/fancykat/Documents/project/Notes/django-react-typescript-boiler/frontend/utils/theme.ts">
        <metrics statements="2" coveredstatements="2" conditionals="0" coveredconditionals="0" methods="0" coveredmethods="0"/>
        <line num="3" count="3" type="stmt"/>
        <line num="32" count="3" type="stmt"/>
      </file>
    </package>
  </project>
</coverage>
