{"/home/fancykat/Documents/project/Notes/django-react-typescript-boiler/frontend/base/index.ts": {"path":"/home/fancykat/Documents/project/Notes/django-react-typescript-boiler/frontend/base/index.ts","statementMap":{},"fnMap":{},"branchMap":{},"s":{},"f":{},"b":{},"_coverageSchema":"43e27e138ebf9cfc5966b082cf9a028302ed4184","hash":"ed033dd0d46eab88f1f85ca3eb8c1b0a3275658c"}
,"/home/fancykat/Documents/project/Notes/django-react-typescript-boiler/frontend/base/Box/index.ts": {"path":"/home/fancykat/Documents/project/Notes/django-react-typescript-boiler/frontend/base/Box/index.ts","statementMap":{"0":{"start":{"line":4,"column":19},"end":{"line":4,"column":32}}},"fnMap":{},"branchMap":{},"s":{"0":1},"f":{},"b":{},"_coverageSchema":"43e27e138ebf9cfc5966b082cf9a028302ed4184","hash":"02cf452c6c015f78468e09d6cf97200ad98c2381"}
,"/home/fancykat/Documents/project/Notes/django-react-typescript-boiler/frontend/base/Fade/index.ts": {"path":"/home/fancykat/Documents/project/Notes/django-react-typescript-boiler/frontend/base/Fade/index.ts","statementMap":{"0":{"start":{"line":3,"column":26},"end":{"line":15,"column":1}},"1":{"start":{"line":11,"column":35},"end":{"line":14,"column":3}},"2":{"start":{"line":17,"column":23},"end":{"line":29,"column":1}},"3":{"start":{"line":25,"column":32},"end":{"line":28,"column":3}}},"fnMap":{"0":{"name":"(anonymous_0)","decl":{"start":{"line":11,"column":4},"end":{"line":11,"column":5}},"loc":{"start":{"line":11,"column":35},"end":{"line":14,"column":3}},"line":11},"1":{"name":"(anonymous_1)","decl":{"start":{"line":25,"column":4},"end":{"line":25,"column":5}},"loc":{"start":{"line":25,"column":32},"end":{"line":28,"column":3}},"line":25}},"branchMap":{},"s":{"0":1,"1":0,"2":1,"3":0},"f":{"0":0,"1":0},"b":{},"_coverageSchema":"43e27e138ebf9cfc5966b082cf9a028302ed4184","hash":"2c1f45d12bcd413eaee2fc677ff2fe0644b1c4db"}
,"/home/fancykat/Documents/project/Notes/django-react-typescript-boiler/frontend/base/Flex/index.ts": {"path":"/home/fancykat/Documents/project/Notes/django-react-typescript-boiler/frontend/base/Flex/index.ts","statementMap":{"0":{"start":{"line":3,"column":20},"end":{"line":5,"column":1}},"1":{"start":{"line":7,"column":19},"end":{"line":10,"column":1}},"2":{"start":{"line":9,"column":19},"end":{"line":9,"column":69}},"3":{"start":{"line":12,"column":22},"end":{"line":15,"column":1}},"4":{"start":{"line":14,"column":19},"end":{"line":14,"column":69}}},"fnMap":{"0":{"name":"(anonymous_0)","decl":{"start":{"line":9,"column":4},"end":{"line":9,"column":5}},"loc":{"start":{"line":9,"column":19},"end":{"line":9,"column":69}},"line":9},"1":{"name":"(anonymous_1)","decl":{"start":{"line":14,"column":4},"end":{"line":14,"column":5}},"loc":{"start":{"line":14,"column":19},"end":{"line":14,"column":69}},"line":14}},"branchMap":{"0":{"loc":{"start":{"line":9,"column":22},"end":{"line":9,"column":67}},"type":"cond-expr","locations":[{"start":{"line":9,"column":50},"end":{"line":9,"column":62}},{"start":{"line":9,"column":65},"end":{"line":9,"column":67}}],"line":9},"1":{"loc":{"start":{"line":14,"column":22},"end":{"line":14,"column":67}},"type":"cond-expr","locations":[{"start":{"line":14,"column":50},"end":{"line":14,"column":62}},{"start":{"line":14,"column":65},"end":{"line":14,"column":67}}],"line":14}},"s":{"0":1,"1":1,"2":0,"3":1,"4":0},"f":{"0":0,"1":0},"b":{"0":[0,0],"1":[0,0]},"_coverageSchema":"43e27e138ebf9cfc5966b082cf9a028302ed4184","hash":"92f254b10b1aaeaa7634131193e3e78f720195dd"}
,"/home/fancykat/Documents/project/Notes/django-react-typescript-boiler/frontend/base/Image/index.ts": {"path":"/home/fancykat/Documents/project/Notes/django-react-typescript-boiler/frontend/base/Image/index.ts","statementMap":{"0":{"start":{"line":3,"column":21},"end":{"line":15,"column":1}},"1":{"start":{"line":5,"column":4},"end":{"line":13,"column":25}}},"fnMap":{"0":{"name":"(anonymous_0)","decl":{"start":{"line":4,"column":4},"end":{"line":4,"column":5}},"loc":{"start":{"line":5,"column":4},"end":{"line":13,"column":25}},"line":5}},"branchMap":{"0":{"loc":{"start":{"line":5,"column":4},"end":{"line":13,"column":25}},"type":"cond-expr","locations":[{"start":{"line":6,"column":8},"end":{"line":9,"column":25}},{"start":{"line":10,"column":8},"end":{"line":13,"column":25}}],"line":5}},"s":{"0":1,"1":0},"f":{"0":0},"b":{"0":[0,0]},"_coverageSchema":"43e27e138ebf9cfc5966b082cf9a028302ed4184","hash":"9f1ebe693b6dea0947cf7c443edff6f95ff706df"}
,"/home/fancykat/Documents/project/Notes/django-react-typescript-boiler/frontend/base/Separator/index.ts": {"path":"/home/fancykat/Documents/project/Notes/django-react-typescript-boiler/frontend/base/Separator/index.ts","statementMap":{"0":{"start":{"line":12,"column":25},"end":{"line":29,"column":1}},"1":{"start":{"line":22,"column":8},"end":{"line":28,"column":52}}},"fnMap":{"0":{"name":"(anonymous_0)","decl":{"start":{"line":14,"column":4},"end":{"line":14,"column":5}},"loc":{"start":{"line":22,"column":8},"end":{"line":28,"column":52}},"line":22}},"branchMap":{"0":{"loc":{"start":{"line":25,"column":4},"end":{"line":25,"column":65}},"type":"cond-expr","locations":[{"start":{"line":25,"column":16},"end":{"line":25,"column":29}},{"start":{"line":25,"column":32},"end":{"line":25,"column":65}}],"line":25},"1":{"loc":{"start":{"line":25,"column":32},"end":{"line":25,"column":65}},"type":"cond-expr","locations":[{"start":{"line":25,"column":40},"end":{"line":25,"column":45}},{"start":{"line":25,"column":48},"end":{"line":25,"column":65}}],"line":25},"2":{"loc":{"start":{"line":27,"column":9},"end":{"line":27,"column":72}},"type":"cond-expr","locations":[{"start":{"line":27,"column":17},"end":{"line":27,"column":62}},{"start":{"line":27,"column":66},"end":{"line":27,"column":72}}],"line":27},"3":{"loc":{"start":{"line":27,"column":17},"end":{"line":27,"column":62}},"type":"cond-expr","locations":[{"start":{"line":27,"column":44},"end":{"line":27,"column":55}},{"start":{"line":27,"column":58},"end":{"line":27,"column":62}}],"line":27},"4":{"loc":{"start":{"line":28,"column":13},"end":{"line":28,"column":49}},"type":"cond-expr","locations":[{"start":{"line":28,"column":24},"end":{"line":28,"column":39}},{"start":{"line":28,"column":42},"end":{"line":28,"column":49}}],"line":28}},"s":{"0":1,"1":0},"f":{"0":0},"b":{"0":[0,0],"1":[0,0],"2":[0,0],"3":[0,0],"4":[0,0]},"_coverageSchema":"43e27e138ebf9cfc5966b082cf9a028302ed4184","hash":"812f955f7b450edd4a900c4dd2e7b1e5f0875672"}
,"/home/fancykat/Documents/project/Notes/django-react-typescript-boiler/frontend/components/Button/index.tsx": {"path":"/home/fancykat/Documents/project/Notes/django-react-typescript-boiler/frontend/components/Button/index.tsx","statementMap":{"0":{"start":{"line":18,"column":39},"end":{"line":67,"column":1}},"1":{"start":{"line":28,"column":38},"end":{"line":28,"column":59}},"2":{"start":{"line":30,"column":2},"end":{"line":66,"column":4}},"3":{"start":{"line":33,"column":26},"end":{"line":33,"column":45}},"4":{"start":{"line":34,"column":26},"end":{"line":34,"column":46}}},"fnMap":{"0":{"name":"(anonymous_0)","decl":{"start":{"line":18,"column":39},"end":{"line":18,"column":40}},"loc":{"start":{"line":27,"column":6},"end":{"line":67,"column":1}},"line":27},"1":{"name":"(anonymous_1)","decl":{"start":{"line":33,"column":20},"end":{"line":33,"column":21}},"loc":{"start":{"line":33,"column":26},"end":{"line":33,"column":45}},"line":33},"2":{"name":"(anonymous_2)","decl":{"start":{"line":34,"column":20},"end":{"line":34,"column":21}},"loc":{"start":{"line":34,"column":26},"end":{"line":34,"column":46}},"line":34}},"branchMap":{"0":{"loc":{"start":{"line":39,"column":20},"end":{"line":39,"column":53}},"type":"cond-expr","locations":[{"start":{"line":39,"column":27},"end":{"line":39,"column":31}},{"start":{"line":39,"column":34},"end":{"line":39,"column":53}}],"line":39},"1":{"loc":{"start":{"line":44,"column":9},"end":{"line":63,"column":9}},"type":"cond-expr","locations":[{"start":{"line":45,"column":10},"end":{"line":45,"column":59}},{"start":{"line":47,"column":10},"end":{"line":62,"column":17}}],"line":44},"2":{"loc":{"start":{"line":44,"column":9},"end":{"line":44,"column":36}},"type":"binary-expr","locations":[{"start":{"line":44,"column":9},"end":{"line":44,"column":16}},{"start":{"line":44,"column":20},"end":{"line":44,"column":36}}],"line":44},"3":{"loc":{"start":{"line":52,"column":14},"end":{"line":57,"column":36}},"type":"cond-expr","locations":[{"start":{"line":54,"column":18},"end":{"line":54,"column":44}},{"start":{"line":55,"column":18},"end":{"line":57,"column":36}}],"line":52},"4":{"loc":{"start":{"line":52,"column":14},"end":{"line":53,"column":68}},"type":"binary-expr","locations":[{"start":{"line":52,"column":15},"end":{"line":52,"column":46}},{"start":{"line":52,"column":50},"end":{"line":52,"column":61}},{"start":{"line":53,"column":15},"end":{"line":53,"column":46}},{"start":{"line":53,"column":50},"end":{"line":53,"column":67}}],"line":52},"5":{"loc":{"start":{"line":55,"column":18},"end":{"line":57,"column":36}},"type":"cond-expr","locations":[{"start":{"line":56,"column":18},"end":{"line":56,"column":36}},{"start":{"line":57,"column":18},"end":{"line":57,"column":36}}],"line":55},"6":{"loc":{"start":{"line":55,"column":18},"end":{"line":55,"column":61}},"type":"binary-expr","locations":[{"start":{"line":55,"column":18},"end":{"line":55,"column":46}},{"start":{"line":55,"column":50},"end":{"line":55,"column":61}}],"line":55}},"s":{"0":1,"1":3,"2":3,"3":0,"4":0},"f":{"0":3,"1":0,"2":0},"b":{"0":[0,3],"1":[0,3],"2":[3,3],"3":[0,3],"4":[3,0,3,0],"5":[0,3],"6":[3,0]},"_coverageSchema":"43e27e138ebf9cfc5966b082cf9a028302ed4184","hash":"be4d334753fa9a1d628deaac443854d7006ccdfa"}
,"/home/fancykat/Documents/project/Notes/django-react-typescript-boiler/frontend/components/Button/style.ts": {"path":"/home/fancykat/Documents/project/Notes/django-react-typescript-boiler/frontend/components/Button/style.ts","statementMap":{"0":{"start":{"line":11,"column":29},"end":{"line":16,"column":1}},"1":{"start":{"line":18,"column":28},"end":{"line":88,"column":1}},"2":{"start":{"line":34,"column":4},"end":{"line":87,"column":3}}},"fnMap":{"0":{"name":"(anonymous_0)","decl":{"start":{"line":33,"column":4},"end":{"line":33,"column":5}},"loc":{"start":{"line":34,"column":4},"end":{"line":87,"column":3}},"line":34}},"branchMap":{"0":{"loc":{"start":{"line":35,"column":6},"end":{"line":45,"column":28}},"type":"cond-expr","locations":[{"start":{"line":36,"column":10},"end":{"line":36,"column":27}},{"start":{"line":37,"column":10},"end":{"line":45,"column":28}}],"line":35},"1":{"loc":{"start":{"line":37,"column":10},"end":{"line":45,"column":28}},"type":"cond-expr","locations":[{"start":{"line":40,"column":10},"end":{"line":40,"column":28}},{"start":{"line":41,"column":10},"end":{"line":45,"column":28}}],"line":37},"2":{"loc":{"start":{"line":37,"column":10},"end":{"line":39,"column":27}},"type":"binary-expr","locations":[{"start":{"line":37,"column":10},"end":{"line":37,"column":44}},{"start":{"line":38,"column":10},"end":{"line":38,"column":47}},{"start":{"line":39,"column":10},"end":{"line":39,"column":27}}],"line":37},"3":{"loc":{"start":{"line":41,"column":10},"end":{"line":45,"column":28}},"type":"cond-expr","locations":[{"start":{"line":42,"column":10},"end":{"line":42,"column":27}},{"start":{"line":43,"column":10},"end":{"line":45,"column":28}}],"line":41},"4":{"loc":{"start":{"line":43,"column":10},"end":{"line":45,"column":28}},"type":"cond-expr","locations":[{"start":{"line":44,"column":10},"end":{"line":44,"column":28}},{"start":{"line":45,"column":10},"end":{"line":45,"column":28}}],"line":43},"5":{"loc":{"start":{"line":48,"column":6},"end":{"line":54,"column":16}},"type":"cond-expr","locations":[{"start":{"line":49,"column":10},"end":{"line":49,"column":27}},{"start":{"line":50,"column":10},"end":{"line":54,"column":16}}],"line":48},"6":{"loc":{"start":{"line":50,"column":10},"end":{"line":54,"column":16}},"type":"cond-expr","locations":[{"start":{"line":51,"column":10},"end":{"line":51,"column":45}},{"start":{"line":52,"column":10},"end":{"line":54,"column":16}}],"line":50},"7":{"loc":{"start":{"line":52,"column":10},"end":{"line":54,"column":16}},"type":"cond-expr","locations":[{"start":{"line":53,"column":10},"end":{"line":53,"column":45}},{"start":{"line":54,"column":10},"end":{"line":54,"column":16}}],"line":52},"8":{"loc":{"start":{"line":62,"column":14},"end":{"line":62,"column":71}},"type":"cond-expr","locations":[{"start":{"line":62,"column":46},"end":{"line":62,"column":59}},{"start":{"line":62,"column":62},"end":{"line":62,"column":71}}],"line":62},"9":{"loc":{"start":{"line":62,"column":14},"end":{"line":62,"column":43}},"type":"binary-expr","locations":[{"start":{"line":62,"column":14},"end":{"line":62,"column":22}},{"start":{"line":62,"column":26},"end":{"line":62,"column":43}}],"line":62},"10":{"loc":{"start":{"line":66,"column":8},"end":{"line":75,"column":30}},"type":"cond-expr","locations":[{"start":{"line":67,"column":12},"end":{"line":67,"column":29}},{"start":{"line":68,"column":12},"end":{"line":75,"column":30}}],"line":66},"11":{"loc":{"start":{"line":68,"column":12},"end":{"line":75,"column":30}},"type":"cond-expr","locations":[{"start":{"line":69,"column":12},"end":{"line":69,"column":30}},{"start":{"line":70,"column":12},"end":{"line":75,"column":30}}],"line":68},"12":{"loc":{"start":{"line":70,"column":12},"end":{"line":75,"column":30}},"type":"cond-expr","locations":[{"start":{"line":71,"column":12},"end":{"line":71,"column":29}},{"start":{"line":72,"column":12},"end":{"line":75,"column":30}}],"line":70},"13":{"loc":{"start":{"line":72,"column":12},"end":{"line":75,"column":30}},"type":"cond-expr","locations":[{"start":{"line":74,"column":12},"end":{"line":74,"column":30}},{"start":{"line":75,"column":12},"end":{"line":75,"column":30}}],"line":72},"14":{"loc":{"start":{"line":72,"column":12},"end":{"line":73,"column":46}},"type":"binary-expr","locations":[{"start":{"line":72,"column":12},"end":{"line":72,"column":47}},{"start":{"line":73,"column":12},"end":{"line":73,"column":46}}],"line":72},"15":{"loc":{"start":{"line":78,"column":8},"end":{"line":84,"column":19}},"type":"cond-expr","locations":[{"start":{"line":79,"column":12},"end":{"line":79,"column":29}},{"start":{"line":80,"column":12},"end":{"line":84,"column":19}}],"line":78},"16":{"loc":{"start":{"line":80,"column":12},"end":{"line":84,"column":19}},"type":"cond-expr","locations":[{"start":{"line":83,"column":12},"end":{"line":83,"column":30}},{"start":{"line":84,"column":12},"end":{"line":84,"column":19}}],"line":80},"17":{"loc":{"start":{"line":80,"column":12},"end":{"line":82,"column":49}},"type":"binary-expr","locations":[{"start":{"line":80,"column":12},"end":{"line":80,"column":46}},{"start":{"line":81,"column":12},"end":{"line":81,"column":48}},{"start":{"line":82,"column":12},"end":{"line":82,"column":49}}],"line":80}},"s":{"0":1,"1":1,"2":3},"f":{"0":3},"b":{"0":[0,3],"1":[3,0],"2":[3,0,0],"3":[0,0],"4":[0,0],"5":[0,3],"6":[0,3],"7":[0,3],"8":[0,3],"9":[3,3],"10":[0,3],"11":[3,0],"12":[0,0],"13":[0,0],"14":[0,0],"15":[0,3],"16":[0,3],"17":[3,0,0]},"_coverageSchema":"43e27e138ebf9cfc5966b082cf9a028302ed4184","hash":"f9fa8e0a7c912cd2512c4683fd40896ada4eb353"}
,"/home/fancykat/Documents/project/Notes/django-react-typescript-boiler/frontend/components/Card/index.tsx": {"path":"/home/fancykat/Documents/project/Notes/django-react-typescript-boiler/frontend/components/Card/index.tsx","statementMap":{"0":{"start":{"line":10,"column":38},"end":{"line":22,"column":1}},"1":{"start":{"line":15,"column":2},"end":{"line":21,"column":4}}},"fnMap":{"0":{"name":"(anonymous_0)","decl":{"start":{"line":10,"column":38},"end":{"line":10,"column":39}},"loc":{"start":{"line":14,"column":6},"end":{"line":22,"column":1}},"line":14}},"branchMap":{},"s":{"0":1,"1":2},"f":{"0":2},"b":{},"_coverageSchema":"43e27e138ebf9cfc5966b082cf9a028302ed4184","hash":"4166c4453df2a80770408031c6999c7de4cf6e13"}
,"/home/fancykat/Documents/project/Notes/django-react-typescript-boiler/frontend/components/Card/style.ts": {"path":"/home/fancykat/Documents/project/Notes/django-react-typescript-boiler/frontend/components/Card/style.ts","statementMap":{"0":{"start":{"line":10,"column":27},"end":{"line":10,"column":39}},"1":{"start":{"line":12,"column":26},"end":{"line":30,"column":1}},"2":{"start":{"line":15,"column":54},"end":{"line":29,"column":1}}},"fnMap":{"0":{"name":"(anonymous_0)","decl":{"start":{"line":15,"column":4},"end":{"line":15,"column":5}},"loc":{"start":{"line":15,"column":54},"end":{"line":29,"column":1}},"line":15}},"branchMap":{"0":{"loc":{"start":{"line":19,"column":4},"end":{"line":21,"column":54}},"type":"cond-expr","locations":[{"start":{"line":20,"column":8},"end":{"line":20,"column":51}},{"start":{"line":21,"column":8},"end":{"line":21,"column":54}}],"line":19},"1":{"loc":{"start":{"line":26,"column":11},"end":{"line":26,"column":36}},"type":"cond-expr","locations":[{"start":{"line":26,"column":19},"end":{"line":26,"column":31}},{"start":{"line":26,"column":34},"end":{"line":26,"column":36}}],"line":26},"2":{"loc":{"start":{"line":27,"column":12},"end":{"line":27,"column":39}},"type":"cond-expr","locations":[{"start":{"line":27,"column":21},"end":{"line":27,"column":34}},{"start":{"line":27,"column":37},"end":{"line":27,"column":39}}],"line":27},"3":{"loc":{"start":{"line":28,"column":4},"end":{"line":28,"column":49}},"type":"cond-expr","locations":[{"start":{"line":28,"column":32},"end":{"line":28,"column":44}},{"start":{"line":28,"column":47},"end":{"line":28,"column":49}}],"line":28}},"s":{"0":1,"1":1,"2":2},"f":{"0":2},"b":{"0":[0,2],"1":[0,2],"2":[0,2],"3":[0,2]},"_coverageSchema":"43e27e138ebf9cfc5966b082cf9a028302ed4184","hash":"8761fb35d95682c01c411edebdca20f297efcf09"}
,"/home/fancykat/Documents/project/Notes/django-react-typescript-boiler/frontend/components/Layout/index.tsx": {"path":"/home/fancykat/Documents/project/Notes/django-react-typescript-boiler/frontend/components/Layout/index.tsx","statementMap":{"0":{"start":{"line":11,"column":40},"end":{"line":17,"column":1}},"1":{"start":{"line":12,"column":2},"end":{"line":16,"column":4}}},"fnMap":{"0":{"name":"(anonymous_0)","decl":{"start":{"line":11,"column":40},"end":{"line":11,"column":41}},"loc":{"start":{"line":11,"column":68},"end":{"line":17,"column":1}},"line":11}},"branchMap":{},"s":{"0":1,"1":1},"f":{"0":1},"b":{},"_coverageSchema":"43e27e138ebf9cfc5966b082cf9a028302ed4184","hash":"636c7cd027d8e4532d8e10faed62ac798e7121ac"}
,"/home/fancykat/Documents/project/Notes/django-react-typescript-boiler/frontend/components/Layout/style.ts": {"path":"/home/fancykat/Documents/project/Notes/django-react-typescript-boiler/frontend/components/Layout/style.ts","statementMap":{"0":{"start":{"line":3,"column":29},"end":{"line":16,"column":1}},"1":{"start":{"line":8,"column":4},"end":{"line":12,"column":28}},"2":{"start":{"line":15,"column":4},"end":{"line":15,"column":58}},"3":{"start":{"line":18,"column":28},"end":{"line":24,"column":1}}},"fnMap":{"0":{"name":"(anonymous_0)","decl":{"start":{"line":7,"column":12},"end":{"line":7,"column":13}},"loc":{"start":{"line":8,"column":4},"end":{"line":12,"column":28}},"line":8},"1":{"name":"(anonymous_1)","decl":{"start":{"line":14,"column":22},"end":{"line":14,"column":23}},"loc":{"start":{"line":15,"column":4},"end":{"line":15,"column":58}},"line":15}},"branchMap":{"0":{"loc":{"start":{"line":8,"column":4},"end":{"line":12,"column":28}},"type":"cond-expr","locations":[{"start":{"line":9,"column":8},"end":{"line":11,"column":16}},{"start":{"line":12,"column":8},"end":{"line":12,"column":28}}],"line":8},"1":{"loc":{"start":{"line":9,"column":8},"end":{"line":11,"column":16}},"type":"cond-expr","locations":[{"start":{"line":10,"column":10},"end":{"line":10,"column":23}},{"start":{"line":11,"column":10},"end":{"line":11,"column":16}}],"line":9},"2":{"loc":{"start":{"line":15,"column":4},"end":{"line":15,"column":58}},"type":"cond-expr","locations":[{"start":{"line":15,"column":22},"end":{"line":15,"column":37}},{"start":{"line":15,"column":40},"end":{"line":15,"column":58}}],"line":15}},"s":{"0":1,"1":1,"2":1,"3":1},"f":{"0":1,"1":1},"b":{"0":[0,1],"1":[0,0],"2":[0,1]},"_coverageSchema":"43e27e138ebf9cfc5966b082cf9a028302ed4184","hash":"78928b51f3f8e3abd5bacbda493e391db51b829c"}
,"/home/fancykat/Documents/project/Notes/django-react-typescript-boiler/frontend/components/Loading/index.tsx": {"path":"/home/fancykat/Documents/project/Notes/django-react-typescript-boiler/frontend/components/Loading/index.tsx","statementMap":{"0":{"start":{"line":13,"column":41},"end":{"line":63,"column":1}},"1":{"start":{"line":19,"column":22},"end":{"line":23,"column":14}},"2":{"start":{"line":25,"column":2},"end":{"line":62,"column":4}}},"fnMap":{"0":{"name":"(anonymous_0)","decl":{"start":{"line":13,"column":41},"end":{"line":13,"column":42}},"loc":{"start":{"line":18,"column":6},"end":{"line":63,"column":1}},"line":18}},"branchMap":{"0":{"loc":{"start":{"line":21,"column":25},"end":{"line":21,"column":76}},"type":"cond-expr","locations":[{"start":{"line":21,"column":37},"end":{"line":21,"column":55}},{"start":{"line":21,"column":58},"end":{"line":21,"column":76}}],"line":21},"1":{"loc":{"start":{"line":38,"column":18},"end":{"line":38,"column":36}},"type":"cond-expr","locations":[{"start":{"line":38,"column":29},"end":{"line":38,"column":31}},{"start":{"line":38,"column":34},"end":{"line":38,"column":36}}],"line":38},"2":{"loc":{"start":{"line":39,"column":17},"end":{"line":39,"column":35}},"type":"cond-expr","locations":[{"start":{"line":39,"column":28},"end":{"line":39,"column":30}},{"start":{"line":39,"column":33},"end":{"line":39,"column":35}}],"line":39},"3":{"loc":{"start":{"line":40,"column":18},"end":{"line":40,"column":45}},"type":"cond-expr","locations":[{"start":{"line":40,"column":29},"end":{"line":40,"column":30}},{"start":{"line":40,"column":33},"end":{"line":40,"column":45}}],"line":40}},"s":{"0":1,"1":0,"2":0},"f":{"0":0},"b":{"0":[0,0],"1":[0,0],"2":[0,0],"3":[0,0]},"_coverageSchema":"43e27e138ebf9cfc5966b082cf9a028302ed4184","hash":"2a72825c6f3f7d5de9bf823b6b2031793c9b2cc9"}
,"/home/fancykat/Documents/project/Notes/django-react-typescript-boiler/frontend/typography/index.ts": {"path":"/home/fancykat/Documents/project/Notes/django-react-typescript-boiler/frontend/typography/index.ts","statementMap":{},"fnMap":{},"branchMap":{},"s":{},"f":{},"b":{},"_coverageSchema":"43e27e138ebf9cfc5966b082cf9a028302ed4184","hash":"51f97e2ca3234f849f44c2d35fc3b9d1df4f20de"}
,"/home/fancykat/Documents/project/Notes/django-react-typescript-boiler/frontend/typography/H4/index.ts": {"path":"/home/fancykat/Documents/project/Notes/django-react-typescript-boiler/frontend/typography/H4/index.ts","statementMap":{"0":{"start":{"line":3,"column":18},"end":{"line":14,"column":1}},"1":{"start":{"line":8,"column":26},"end":{"line":8,"column":44}},"2":{"start":{"line":12,"column":28},"end":{"line":12,"column":46}}},"fnMap":{"0":{"name":"(anonymous_0)","decl":{"start":{"line":8,"column":11},"end":{"line":8,"column":12}},"loc":{"start":{"line":8,"column":26},"end":{"line":8,"column":44}},"line":8},"1":{"name":"(anonymous_1)","decl":{"start":{"line":12,"column":13},"end":{"line":12,"column":14}},"loc":{"start":{"line":12,"column":28},"end":{"line":12,"column":46}},"line":12}},"branchMap":{},"s":{"0":1,"1":0,"2":0},"f":{"0":0,"1":0},"b":{},"_coverageSchema":"43e27e138ebf9cfc5966b082cf9a028302ed4184","hash":"1941fed6f75839a40fb7b2da8a7ea5918e0e0b52"}
,"/home/fancykat/Documents/project/Notes/django-react-typescript-boiler/frontend/typography/Text/index.ts": {"path":"/home/fancykat/Documents/project/Notes/django-react-typescript-boiler/frontend/typography/Text/index.ts","statementMap":{"0":{"start":{"line":12,"column":20},"end":{"line":28,"column":1}},"1":{"start":{"line":13,"column":79},"end":{"line":27,"column":6}}},"fnMap":{"0":{"name":"(anonymous_0)","decl":{"start":{"line":13,"column":4},"end":{"line":13,"column":5}},"loc":{"start":{"line":13,"column":79},"end":{"line":27,"column":6}},"line":13}},"branchMap":{"0":{"loc":{"start":{"line":16,"column":19},"end":{"line":16,"column":53}},"type":"cond-expr","locations":[{"start":{"line":16,"column":32},"end":{"line":16,"column":42}},{"start":{"line":16,"column":45},"end":{"line":16,"column":53}}],"line":16},"1":{"loc":{"start":{"line":19,"column":6},"end":{"line":19,"column":69}},"type":"cond-expr","locations":[{"start":{"line":19,"column":39},"end":{"line":19,"column":56}},{"start":{"line":19,"column":59},"end":{"line":19,"column":69}}],"line":19},"2":{"loc":{"start":{"line":21,"column":13},"end":{"line":21,"column":47}},"type":"cond-expr","locations":[{"start":{"line":21,"column":21},"end":{"line":21,"column":26}},{"start":{"line":21,"column":29},"end":{"line":21,"column":47}}],"line":21},"3":{"loc":{"start":{"line":23,"column":6},"end":{"line":23,"column":31}},"type":"cond-expr","locations":[{"start":{"line":23,"column":14},"end":{"line":23,"column":26}},{"start":{"line":23,"column":29},"end":{"line":23,"column":31}}],"line":23},"4":{"loc":{"start":{"line":26,"column":15},"end":{"line":26,"column":75}},"type":"cond-expr","locations":[{"start":{"line":26,"column":28},"end":{"line":26,"column":38}},{"start":{"line":26,"column":41},"end":{"line":26,"column":75}}],"line":26},"5":{"loc":{"start":{"line":26,"column":41},"end":{"line":26,"column":75}},"type":"cond-expr","locations":[{"start":{"line":26,"column":49},"end":{"line":26,"column":54}},{"start":{"line":26,"column":57},"end":{"line":26,"column":75}}],"line":26}},"s":{"0":1,"1":3},"f":{"0":3},"b":{"0":[3,0],"1":[3,0],"2":[3,0],"3":[0,3],"4":[0,3],"5":[3,0]},"_coverageSchema":"43e27e138ebf9cfc5966b082cf9a028302ed4184","hash":"7e4fb89d4d36c134c11d2397eaa58f420a194e6a"}
,"/home/fancykat/Documents/project/Notes/django-react-typescript-boiler/frontend/utils/render.tsx": {"path":"/home/fancykat/Documents/project/Notes/django-react-typescript-boiler/frontend/utils/render.tsx","statementMap":{"0":{"start":{"line":6,"column":25},"end":{"line":8,"column":1}},"1":{"start":{"line":7,"column":2},"end":{"line":7,"column":77}},"2":{"start":{"line":10,"column":26},"end":{"line":12,"column":1}},"3":{"start":{"line":11,"column":2},"end":{"line":11,"column":51}}},"fnMap":{"0":{"name":"(anonymous_0)","decl":{"start":{"line":6,"column":25},"end":{"line":6,"column":26}},"loc":{"start":{"line":6,"column":59},"end":{"line":8,"column":1}},"line":6},"1":{"name":"(anonymous_1)","decl":{"start":{"line":10,"column":26},"end":{"line":10,"column":27}},"loc":{"start":{"line":10,"column":60},"end":{"line":12,"column":1}},"line":10}},"branchMap":{},"s":{"0":3,"1":6,"2":3,"3":6},"f":{"0":6,"1":6},"b":{},"_coverageSchema":"43e27e138ebf9cfc5966b082cf9a028302ed4184","hash":"928808df5a0c271a3a18f6e942c36575211aa7a3"}
,"/home/fancykat/Documents/project/Notes/django-react-typescript-boiler/frontend/utils/theme.ts": {"path":"/home/fancykat/Documents/project/Notes/django-react-typescript-boiler/frontend/utils/theme.ts","statementMap":{"0":{"start":{"line":3,"column":21},"end":{"line":29,"column":1}},"1":{"start":{"line":32,"column":22},"end":{"line":32,"column":64}}},"fnMap":{},"branchMap":{},"s":{"0":3,"1":3},"f":{},"b":{},"_coverageSchema":"43e27e138ebf9cfc5966b082cf9a028302ed4184","hash":"c7fa186a0295f088a757f725d1afef156d22e973"}
}
