TN:
SF:/home/fancykat/Documents/project/Notes/django-react-typescript-boiler/frontend/base/index.ts
FNF:0
FNH:0
LF:0
LH:0
BRF:0
BRH:0
end_of_record
TN:
SF:/home/fancykat/Documents/project/Notes/django-react-typescript-boiler/frontend/base/Box/index.ts
FNF:0
FNH:0
DA:4,1
LF:1
LH:1
BRF:0
BRH:0
end_of_record
TN:
SF:/home/fancykat/Documents/project/Notes/django-react-typescript-boiler/frontend/base/Fade/index.ts
FN:11,(anonymous_0)
FN:25,(anonymous_1)
FNF:2
FNH:0
FNDA:0,(anonymous_0)
FNDA:0,(anonymous_1)
DA:3,1
DA:11,0
DA:17,1
DA:25,0
LF:4
LH:2
BRF:0
BRH:0
end_of_record
TN:
SF:/home/fancykat/Documents/project/Notes/django-react-typescript-boiler/frontend/base/Flex/index.ts
FN:9,(anonymous_0)
FN:14,(anonymous_1)
FNF:2
FNH:0
FNDA:0,(anonymous_0)
FNDA:0,(anonymous_1)
DA:3,1
DA:7,1
DA:9,0
DA:12,1
DA:14,0
LF:5
LH:3
BRDA:9,0,0,0
BRDA:9,0,1,0
BRDA:14,1,0,0
BRDA:14,1,1,0
BRF:4
BRH:0
end_of_record
TN:
SF:/home/fancykat/Documents/project/Notes/django-react-typescript-boiler/frontend/base/Image/index.ts
FN:4,(anonymous_0)
FNF:1
FNH:0
FNDA:0,(anonymous_0)
DA:3,1
DA:5,0
LF:2
LH:1
BRDA:5,0,0,0
BRDA:5,0,1,0
BRF:2
BRH:0
end_of_record
TN:
SF:/home/fancykat/Documents/project/Notes/django-react-typescript-boiler/frontend/base/Separator/index.ts
FN:14,(anonymous_0)
FNF:1
FNH:0
FNDA:0,(anonymous_0)
DA:12,1
DA:22,0
LF:2
LH:1
BRDA:25,0,0,0
BRDA:25,0,1,0
BRDA:25,1,0,0
BRDA:25,1,1,0
BRDA:27,2,0,0
BRDA:27,2,1,0
BRDA:27,3,0,0
BRDA:27,3,1,0
BRDA:28,4,0,0
BRDA:28,4,1,0
BRF:10
BRH:0
end_of_record
TN:
SF:/home/fancykat/Documents/project/Notes/django-react-typescript-boiler/frontend/components/Button/index.tsx
FN:18,(anonymous_0)
FN:33,(anonymous_1)
FN:34,(anonymous_2)
FNF:3
FNH:1
FNDA:3,(anonymous_0)
FNDA:0,(anonymous_1)
FNDA:0,(anonymous_2)
DA:18,1
DA:28,3
DA:30,3
DA:33,0
DA:34,0
LF:5
LH:3
BRDA:39,0,0,0
BRDA:39,0,1,3
BRDA:44,1,0,0
BRDA:44,1,1,3
BRDA:44,2,0,3
BRDA:44,2,1,3
BRDA:52,3,0,0
BRDA:52,3,1,3
BRDA:52,4,0,3
BRDA:52,4,1,0
BRDA:52,4,2,3
BRDA:52,4,3,0
BRDA:55,5,0,0
BRDA:55,5,1,3
BRDA:55,6,0,3
BRDA:55,6,1,0
BRF:16
BRH:9
end_of_record
TN:
SF:/home/fancykat/Documents/project/Notes/django-react-typescript-boiler/frontend/components/Button/style.ts
FN:33,(anonymous_0)
FNF:1
FNH:1
FNDA:3,(anonymous_0)
DA:11,1
DA:18,1
DA:34,3
LF:3
LH:3
BRDA:35,0,0,0
BRDA:35,0,1,3
BRDA:37,1,0,3
BRDA:37,1,1,0
BRDA:37,2,0,3
BRDA:37,2,1,0
BRDA:37,2,2,0
BRDA:41,3,0,0
BRDA:41,3,1,0
BRDA:43,4,0,0
BRDA:43,4,1,0
BRDA:48,5,0,0
BRDA:48,5,1,3
BRDA:50,6,0,0
BRDA:50,6,1,3
BRDA:52,7,0,0
BRDA:52,7,1,3
BRDA:62,8,0,0
BRDA:62,8,1,3
BRDA:62,9,0,3
BRDA:62,9,1,3
BRDA:66,10,0,0
BRDA:66,10,1,3
BRDA:68,11,0,3
BRDA:68,11,1,0
BRDA:70,12,0,0
BRDA:70,12,1,0
BRDA:72,13,0,0
BRDA:72,13,1,0
BRDA:72,14,0,0
BRDA:72,14,1,0
BRDA:78,15,0,0
BRDA:78,15,1,3
BRDA:80,16,0,0
BRDA:80,16,1,3
BRDA:80,17,0,3
BRDA:80,17,1,0
BRDA:80,17,2,0
BRF:38
BRH:14
end_of_record
TN:
SF:/home/fancykat/Documents/project/Notes/django-react-typescript-boiler/frontend/components/Card/index.tsx
FN:10,(anonymous_0)
FNF:1
FNH:1
FNDA:2,(anonymous_0)
DA:10,1
DA:15,2
LF:2
LH:2
BRF:0
BRH:0
end_of_record
TN:
SF:/home/fancykat/Documents/project/Notes/django-react-typescript-boiler/frontend/components/Card/style.ts
FN:15,(anonymous_0)
FNF:1
FNH:1
FNDA:2,(anonymous_0)
DA:10,1
DA:12,1
DA:15,2
LF:3
LH:3
BRDA:19,0,0,0
BRDA:19,0,1,2
BRDA:26,1,0,0
BRDA:26,1,1,2
BRDA:27,2,0,0
BRDA:27,2,1,2
BRDA:28,3,0,0
BRDA:28,3,1,2
BRF:8
BRH:4
end_of_record
TN:
SF:/home/fancykat/Documents/project/Notes/django-react-typescript-boiler/frontend/components/Layout/index.tsx
FN:11,(anonymous_0)
FNF:1
FNH:1
FNDA:1,(anonymous_0)
DA:11,1
DA:12,1
LF:2
LH:2
BRF:0
BRH:0
end_of_record
TN:
SF:/home/fancykat/Documents/project/Notes/django-react-typescript-boiler/frontend/components/Layout/style.ts
FN:7,(anonymous_0)
FN:14,(anonymous_1)
FNF:2
FNH:2
FNDA:1,(anonymous_0)
FNDA:1,(anonymous_1)
DA:3,1
DA:8,1
DA:15,1
DA:18,1
LF:4
LH:4
BRDA:8,0,0,0
BRDA:8,0,1,1
BRDA:9,1,0,0
BRDA:9,1,1,0
BRDA:15,2,0,0
BRDA:15,2,1,1
BRF:6
BRH:2
end_of_record
TN:
SF:/home/fancykat/Documents/project/Notes/django-react-typescript-boiler/frontend/components/Loading/index.tsx
FN:13,(anonymous_0)
FNF:1
FNH:0
FNDA:0,(anonymous_0)
DA:13,1
DA:19,0
DA:25,0
LF:3
LH:1
BRDA:21,0,0,0
BRDA:21,0,1,0
BRDA:38,1,0,0
BRDA:38,1,1,0
BRDA:39,2,0,0
BRDA:39,2,1,0
BRDA:40,3,0,0
BRDA:40,3,1,0
BRF:8
BRH:0
end_of_record
TN:
SF:/home/fancykat/Documents/project/Notes/django-react-typescript-boiler/frontend/typography/index.ts
FNF:0
FNH:0
LF:0
LH:0
BRF:0
BRH:0
end_of_record
TN:
SF:/home/fancykat/Documents/project/Notes/django-react-typescript-boiler/frontend/typography/H4/index.ts
FN:8,(anonymous_0)
FN:12,(anonymous_1)
FNF:2
FNH:0
FNDA:0,(anonymous_0)
FNDA:0,(anonymous_1)
DA:3,1
DA:8,0
DA:12,0
LF:3
LH:1
BRF:0
BRH:0
end_of_record
TN:
SF:/home/fancykat/Documents/project/Notes/django-react-typescript-boiler/frontend/typography/Text/index.ts
FN:13,(anonymous_0)
FNF:1
FNH:1
FNDA:3,(anonymous_0)
DA:12,1
DA:13,3
LF:2
LH:2
BRDA:16,0,0,3
BRDA:16,0,1,0
BRDA:19,1,0,3
BRDA:19,1,1,0
BRDA:21,2,0,3
BRDA:21,2,1,0
BRDA:23,3,0,0
BRDA:23,3,1,3
BRDA:26,4,0,0
BRDA:26,4,1,3
BRDA:26,5,0,3
BRDA:26,5,1,0
BRF:12
BRH:6
end_of_record
TN:
SF:/home/fancykat/Documents/project/Notes/django-react-typescript-boiler/frontend/utils/render.tsx
FN:6,(anonymous_0)
FN:10,(anonymous_1)
FNF:2
FNH:2
FNDA:6,(anonymous_0)
FNDA:6,(anonymous_1)
DA:6,3
DA:7,6
DA:10,3
DA:11,6
LF:4
LH:4
BRF:0
BRH:0
end_of_record
TN:
SF:/home/fancykat/Documents/project/Notes/django-react-typescript-boiler/frontend/utils/theme.ts
FNF:0
FNH:0
DA:3,3
DA:32,3
LF:2
LH:2
BRF:0
BRH:0
end_of_record
